<?xml version="1.0" encoding="UTF-8"?>
<!-- Generated by org.testng.reporters.JUnitXMLReporter -->
<testsuite hostname="DESKTOP-CMECH0U" failures="0" tests="5" name="Default test" time="97.032" errors="0" timestamp="15 Mar 2024 12:26:12 GMT">
  <testcase classname="handsOnProject.NopCommerceStore" name="testRegister" time="18.64"/>
  <testcase classname="handsOnProject.NopCommerceStore" name="testClickBooks_Addtocart_ShippingCart" time="12.372"/>
  <testcase classname="handsOnProject.NopCommerceStore" name="testCheckoutTnC" time="6.742"/>
  <testcase classname="handsOnProject.NopCommerceStore" name="testCheckoutasGuest" time="2.753"/>
  <testcase classname="handsOnProject.NopCommerceStore" name="testPayment_PlaceOrder" time="34.913"/>
</testsuite> <!-- Default test -->
