<?xml version="1.0" encoding="UTF-8"?>
<testng-results total="5" passed="5" failed="0" skipped="0">
  <reporter-output>
  </reporter-output>
  <suite started-at="2024-03-15T12:24:35Z" name="Default suite" finished-at="2024-03-15T12:26:12Z" duration-ms="97032">
    <groups>
    </groups>
    <test started-at="2024-03-15T12:24:35Z" name="Default test" finished-at="2024-03-15T12:26:12Z" duration-ms="97032">
      <class name="handsOnProject.NopCommerceStore">
        <test-method is-config="true" signature="setup()[pri:0, instance:handsOnProject.NopCommerceStore@31ff43be]" started-at="2024-03-15T17:54:35Z" name="setup" finished-at="2024-03-15T17:54:56Z" duration-ms="20910" status="PASS">
          <reporter-output>
          </reporter-output>
        </test-method> <!-- setup -->
        <test-method signature="testRegister()[pri:1, instance:handsOnProject.NopCommerceStore@31ff43be]" started-at="2024-03-15T17:54:56Z" name="testRegister" finished-at="2024-03-15T17:55:15Z" duration-ms="18640" status="PASS">
          <reporter-output>
          </reporter-output>
        </test-method> <!-- testRegister -->
        <test-method signature="testClickBooks_Addtocart_ShippingCart()[pri:2, instance:handsOnProject.NopCommerceStore@31ff43be]" started-at="2024-03-15T17:55:15Z" name="testClickBooks_Addtocart_ShippingCart" finished-at="2024-03-15T17:55:27Z" duration-ms="12372" status="PASS">
          <reporter-output>
          </reporter-output>
        </test-method> <!-- testClickBooks_Addtocart_ShippingCart -->
        <test-method signature="testCheckoutTnC()[pri:3, instance:handsOnProject.NopCommerceStore@31ff43be]" started-at="2024-03-15T17:55:27Z" name="testCheckoutTnC" finished-at="2024-03-15T17:55:34Z" duration-ms="6742" status="PASS">
          <reporter-output>
          </reporter-output>
        </test-method> <!-- testCheckoutTnC -->
        <test-method signature="testCheckoutasGuest()[pri:4, instance:handsOnProject.NopCommerceStore@31ff43be]" started-at="2024-03-15T17:55:34Z" name="testCheckoutasGuest" finished-at="2024-03-15T17:55:36Z" duration-ms="2753" status="PASS">
          <reporter-output>
          </reporter-output>
        </test-method> <!-- testCheckoutasGuest -->
        <test-method signature="testPayment_PlaceOrder()[pri:5, instance:handsOnProject.NopCommerceStore@31ff43be]" started-at="2024-03-15T17:55:36Z" name="testPayment_PlaceOrder" finished-at="2024-03-15T17:56:11Z" duration-ms="34913" status="PASS">
          <reporter-output>
          </reporter-output>
        </test-method> <!-- testPayment_PlaceOrder -->
        <test-method is-config="true" signature="tearDown()[pri:0, instance:handsOnProject.NopCommerceStore@31ff43be]" started-at="2024-03-15T17:56:11Z" name="tearDown" finished-at="2024-03-15T17:56:12Z" duration-ms="661" status="PASS">
          <reporter-output>
          </reporter-output>
        </test-method> <!-- tearDown -->
      </class> <!-- handsOnProject.NopCommerceStore -->
    </test> <!-- Default test -->
  </suite> <!-- Default suite -->
</testng-results>
